[05-Jul-2020 09:09:18 UTC] PHP Warning:  require_once(require): failed to open stream: No such file or directory in /var/www/html/wp-content/themes/woop/oop-base/helper-functions/index.php on line 3
[05-Jul-2020 09:09:18 UTC] PHP Fatal error:  require_once(): Failed opening required 'require' (include_path='.:/usr/local/lib/php') in /var/www/html/wp-content/themes/woop/oop-base/helper-functions/index.php on line 3
[05-Jul-2020 09:14:12 UTC] PHP Warning:  require_once(require): failed to open stream: No such file or directory in /var/www/html/wp-content/themes/woop/oop-base/helper-functions/index.php on line 3
[05-Jul-2020 09:14:12 UTC] PHP Fatal error:  require_once(): Failed opening required 'require' (include_path='.:/usr/local/lib/php') in /var/www/html/wp-content/themes/woop/oop-base/helper-functions/index.php on line 3
[05-Jul-2020 09:14:18 UTC] PHP Warning:  require_once(require): failed to open stream: No such file or directory in /var/www/html/wp-content/themes/woop/oop-base/helper-functions/index.php on line 3
[05-Jul-2020 09:14:18 UTC] PHP Fatal error:  require_once(): Failed opening required 'require' (include_path='.:/usr/local/lib/php') in /var/www/html/wp-content/themes/woop/oop-base/helper-functions/index.php on line 3
[05-Jul-2020 09:14:19 UTC] PHP Warning:  require_once(require): failed to open stream: No such file or directory in /var/www/html/wp-content/themes/woop/oop-base/helper-functions/index.php on line 3
[05-Jul-2020 09:14:19 UTC] PHP Fatal error:  require_once(): Failed opening required 'require' (include_path='.:/usr/local/lib/php') in /var/www/html/wp-content/themes/woop/oop-base/helper-functions/index.php on line 3
[05-Jul-2020 09:16:11 UTC] PHP Fatal error:  Uncaught Error: Call to undefined function oop_helper\require_once_all_sub_directories() in /var/www/html/wp-content/themes/woop/oop-base/index.php:13
Stack trace:
#0 /var/www/html/wp-content/themes/woop/functions.php(3): require_once()
#1 /var/www/html/wp-settings.php(497): include('/var/www/html/w...')
#2 /var/www/html/wp-config.php(98): require_once('/var/www/html/w...')
#3 /var/www/html/wp-load.php(37): require_once('/var/www/html/w...')
#4 /var/www/html/wp-blog-header.php(13): require_once('/var/www/html/w...')
#5 /var/www/html/index.php(17): require('/var/www/html/w...')
#6 {main}
  thrown in /var/www/html/wp-content/themes/woop/oop-base/index.php on line 13
[05-Jul-2020 09:16:37 UTC] PHP Fatal error:  Uncaught Error: Call to undefined function base\oop_helper\require_once_all_sub_directories() in /var/www/html/wp-content/themes/woop/oop-base/index.php:13
Stack trace:
#0 /var/www/html/wp-content/themes/woop/functions.php(3): require_once()
#1 /var/www/html/wp-settings.php(497): include('/var/www/html/w...')
#2 /var/www/html/wp-config.php(98): require_once('/var/www/html/w...')
#3 /var/www/html/wp-load.php(37): require_once('/var/www/html/w...')
#4 /var/www/html/wp-blog-header.php(13): require_once('/var/www/html/w...')
#5 /var/www/html/index.php(17): require('/var/www/html/w...')
#6 {main}
  thrown in /var/www/html/wp-content/themes/woop/oop-base/index.php on line 13
[05-Jul-2020 09:16:52 UTC] PHP Fatal error:  Uncaught Error: Call to undefined function oop_helper\require_once_all_sub_directories() in /var/www/html/wp-content/themes/woop/oop-base/index.php:13
Stack trace:
#0 /var/www/html/wp-content/themes/woop/functions.php(3): require_once()
#1 /var/www/html/wp-settings.php(497): include('/var/www/html/w...')
#2 /var/www/html/wp-config.php(98): require_once('/var/www/html/w...')
#3 /var/www/html/wp-load.php(37): require_once('/var/www/html/w...')
#4 /var/www/html/wp-blog-header.php(13): require_once('/var/www/html/w...')
#5 /var/www/html/index.php(17): require('/var/www/html/w...')
#6 {main}
  thrown in /var/www/html/wp-content/themes/woop/oop-base/index.php on line 13
[05-Jul-2020 09:18:20 UTC] PHP Fatal error:  Uncaught Error: Call to undefined function oop_helper\oop_helper\require_once_all_sub_directories() in /var/www/html/wp-content/themes/woop/oop-base/helper-functions/index.php:13
Stack trace:
#0 /var/www/html/wp-content/themes/woop/oop-base/index.php(12): require_once()
#1 /var/www/html/wp-content/themes/woop/functions.php(3): require_once('/var/www/html/w...')
#2 /var/www/html/wp-settings.php(497): include('/var/www/html/w...')
#3 /var/www/html/wp-config.php(98): require_once('/var/www/html/w...')
#4 /var/www/html/wp-load.php(37): require_once('/var/www/html/w...')
#5 /var/www/html/wp-blog-header.php(13): require_once('/var/www/html/w...')
#6 /var/www/html/index.php(17): require('/var/www/html/w...')
#7 {main}
  thrown in /var/www/html/wp-content/themes/woop/oop-base/helper-functions/index.php on line 13
[05-Jul-2020 09:18:28 UTC] PHP Fatal error:  Uncaught Error: Call to undefined function oop_helper\oop_helper\require_once_all_sub_directories() in /var/www/html/wp-content/themes/woop/oop-base/helper-functions/index.php:13
Stack trace:
#0 /var/www/html/wp-content/themes/woop/oop-base/index.php(6): require_once()
#1 /var/www/html/wp-content/themes/woop/functions.php(3): require_once('/var/www/html/w...')
#2 /var/www/html/wp-settings.php(497): include('/var/www/html/w...')
#3 /var/www/html/wp-config.php(98): require_once('/var/www/html/w...')
#4 /var/www/html/wp-load.php(37): require_once('/var/www/html/w...')
#5 /var/www/html/wp-blog-header.php(13): require_once('/var/www/html/w...')
#6 /var/www/html/index.php(17): require('/var/www/html/w...')
#7 {main}
  thrown in /var/www/html/wp-content/themes/woop/oop-base/helper-functions/index.php on line 13
[05-Jul-2020 09:29:23 UTC] PHP Parse error:  syntax error, unexpected 'string' (T_STRING), expecting function (T_FUNCTION) or const (T_CONST) in /var/www/html/wp-content/themes/woop/oop-base/builder/HtmlTagBuilder.php on line 7
